make all --print-data-base --no-builtin-variables --no-builtin-rules --question
# GNU Make 3.81
# Copyright (C) 2006  Free Software Foundation, Inc.
# This is free software; see the source for copying conditions.
# There is NO warranty; not even for MERCHANTABILITY or FITNESS FOR A
# PARTICULAR PURPOSE.

# This program built for i386-apple-darwin11.3.0
 

# Make data base, printed on Tue Jul 12 23:17:23 2022

# Variables

# automatic
<D = $(patsubst %/,%,$(dir $<))
# automatic
?F = $(notdir $?)
# automatic
?D = $(patsubst %/,%,$(dir $?))
# automatic
@D = $(patsubst %/,%,$(dir $@))
# automatic
@F = $(notdir $@)
# makefile
CURDIR := /Users/frostpaw/baypaw
# makefile
SHELL = /bin/sh
# environment
VSCODE_NLS_CONFIG = {"locale":"en-gb","availableLanguages":{},"_languagePackSupport":true}
# makefile (from `common-mk/Makefile', line 5)
CARGO_TARGET_GNU_LINKER = "x86_64-unknown-linux-gnu-gcc"
# environment
_ = /usr/bin/make
 
# makefile (from `common-mk/Makefile', line 1)
MAKEFILE_LIST :=  Makefile common-mk/Makefile
# makefile (from `common-mk/Makefile', line 4)
DATABASE_URL = "postgresql://localhost/fateslist"
# environment
__CFBundleIdentifier = com.microsoft.VSCode
# environment
INFOPATH = /opt/homebrew/share/info:
# environment
CGO_CFLAGS = -I/opt/homebrew/include
# environment
VSCODE_CWD = /
# environment
PATH = /opt/homebrew/opt/openssl@3/bin:/opt/homebrew/opt/qt@5/bin:/opt/homebrew/opt/llvm/bin:/Users/frostpaw/.pyenv/versions/2.7.18/bin:/Users/frostpaw/.pyenv/shims:/opt/homebrew/opt/python@3.10/bin:/opt/local/bin:/opt/local/sbin:/opt/homebrew/bin:/opt/homebrew/sbin:/usr/local/bin:/usr/bin:/bin:/usr/sbin:/sbin:/opt/homebrew/opt/python@3.10/bin:/Users/frostpaw/.cargo/bin
# environment
ELECTRON_RUN_AS_NODE = 1
# environment
LDFLAGS = -L/opt/homebrew/opt/python@3.10/lib
# default
.FEATURES := target-specific order-only second-expansion else-if archives jobserver check-symlink
# environment
SSH_AUTH_SOCK = /private/tmp/com.apple.launchd.55dpBQjD9F/Listeners
# automatic
%F = $(notdir $%)
# makefile (from `common-mk/Makefile', line 3)
RUSTFLAGS_LOCAL = "-C target-cpu=native $(RUSTFLAGS) -C link-arg=-fuse-ld=lld"
# environment
PWD = /Users/frostpaw/baypaw
# environment
HOMEBREW_CELLAR = /opt/homebrew/Cellar
# environment
ORIGINAL_XDG_CURRENT_DESKTOP = undefined
# environment
MANPATH = /opt/local/share/man:/opt/homebrew/share/man::
# environment
VSCODE_AMD_ENTRYPOINT = vs/workbench/api/node/extensionHostProcess
# environment
HOME = /Users/frostpaw
# default
MAKEFILEPATH = $(shell /usr/bin/xcode-select -print-path 2>/dev/null || echo /Developer)/Makefiles
# environment
VSCODE_CODE_CACHE_PATH = /Users/frostpaw/Library/Application Support/Code/CachedData/92d25e35d9bf1a6b16f7d0758f25d48ace11e5b9
# environment
LOGNAME = frostpaw
# environment
APPLICATION_INSIGHTS_NO_DIAGNOSTIC_CHANNEL = 1
# environment
VSCODE_HANDLES_UNCAUGHT_ERRORS = true
# automatic
^D = $(patsubst %/,%,$(dir $^))
# environment
MFLAGS = -Rrqp
# environment
XPC_FLAGS = 0x0
# default
MAKE = $(MAKE_COMMAND)
# default
MAKECMDGOALS := all
# environment
SHLVL = 1
# default
MAKE_VERSION := 3.81
# environment
USER = frostpaw
# makefile
.DEFAULT_GOAL := all
# makefile (from `Makefile', line 1)
BIN_NAME = baypaw
# automatic
%D = $(patsubst %/,%,$(dir $%))
# default
MAKE_COMMAND := /Library/Developer/CommandLineTools/usr/bin/make
# default
.VARIABLES := 
# environment
TMPDIR = /var/folders/_3/l0gtl8c140g9hpjsj2ydtrh00000gn/T/
# automatic
*F = $(notdir $*)
# environment
VSCODE_IPC_HOOK = /Users/frostpaw/Library/Application Support/Code/1.69.0-main.sock
# environment
MallocNanoZone = 0
# makefile
MAKEFLAGS = Rrqp
# environment
CGO_LDFLAGS = -L/opt/homebrew/lib
# automatic
*D = $(patsubst %/,%,$(dir $*))
# environment
XPC_SERVICE_NAME = application.com.microsoft.VSCode.5209505.5209511
# environment
HOMEBREW_PREFIX = /opt/homebrew
# automatic
+D = $(patsubst %/,%,$(dir $+))
# automatic
+F = $(notdir $+)
# environment
HOMEBREW_REPOSITORY = /opt/homebrew
# environment
__CF_USER_TEXT_ENCODING = 0x1F5:0x0:0x0
# environment
COMMAND_MODE = unix2003
# default
MAKEFILES := 
# automatic
<F = $(notdir $<)
# environment
LC_ALL = C
# automatic
^F = $(notdir $^)
# default
SUFFIXES := 
# default
.INCLUDE_DIRS = /usr/local/include
# makefile (from `common-mk/Makefile', line 9)
PROJ_NAME = $(BIN_NAME)
# environment
MAKELEVEL := 0
# environment
LANG = C
# environment
VSCODE_PID = 85774
# makefile (from `common-mk/Makefile', line 10)
HOST = 100.87.78.60
# variable set hash-table stats:
# Load=72/1024=7%, Rehash=0, Collisions=5/103=5%

# Pattern-specific Variable Values

# No pattern-specific variable values.

# Directories

# . (device 16777233, inode 3653085): 13 files, no impossibilities.

# 13 files, no impossibilities in 1 directories.

# Implicit Rules

# No implicit rules.

# Files

remote:
#  Implicit rule search has not been done.
#  Modification time never checked.
#  File has not been updated.
#  commands to execute (from `common-mk/Makefile', line 28):
	ssh meow@$(HOST) -p 911
	

all:
#  Command-line target.
#  Implicit rule search has not been done.
#  Implicit/static pattern stem: `'
#  File does not exist.
#  File has been updated.
#  Needs to be updated (-q is set).
# automatic
# @ := all
# automatic
# % := 
# automatic
# * := 
# automatic
# + := 
# automatic
# | := 
# automatic
# < := 
# automatic
# ^ := 
# automatic
# ? := 
# variable set hash-table stats:
# Load=8/32=25%, Rehash=0, Collisions=1/10=10%
#  commands to execute (from `common-mk/Makefile', line 13):
	@make cross
	

up:
#  Implicit rule search has not been done.
#  Modification time never checked.
#  File has not been updated.
#  commands to execute (from `common-mk/Makefile', line 30):
	git submodule foreach git pull
	

# Not a target:
.SUFFIXES:
#  Implicit rule search has not been done.
#  Modification time never checked.
#  File has not been updated.

cross:
#  Implicit rule search has not been done.
#  Modification time never checked.
#  File has not been updated.
#  commands to execute (from `common-mk/Makefile', line 24):
	DATABASE_URL=$(DATABASE_URL) CARGO_TARGET_X86_64_UNKNOWN_LINUX_GNU_LINKER=$(CARGO_TARGET_GNU_LINKER) cargo build --target=x86_64-unknown-linux-gnu --release
	

push:
#  Implicit rule search has not been done.
#  Modification time never checked.
#  File has not been updated.
#  commands to execute (from `common-mk/Makefile', line 26):
	scp -C -P 911 target/x86_64-unknown-linux-gnu/release/$(BIN_NAME) meow@$(HOST):$(PROJ_NAME)/$(BIN_NAME).new
	

# Not a target:
Makefile:
#  Implicit rule search has been done.
#  Last modified 2022-06-29 00:04:43
#  File has been updated.
#  Successfully updated.
# variable set hash-table stats:
# Load=0/32=0%, Rehash=0, Collisions=0/0=0%

# Not a target:
common-mk/Makefile:
#  Implicit rule search has been done.
#  Last modified 2022-06-29 00:05:50
#  File has been updated.
#  Successfully updated.
# variable set hash-table stats:
# Load=0/32=0%, Rehash=0, Collisions=0/0=0%

dev:
#  Implicit rule search has not been done.
#  Modification time never checked.
#  File has not been updated.
#  commands to execute (from `common-mk/Makefile', line 15):
	DATABASE_URL=$(DATABASE_URL) RUSTFLAGS=$(RUSTFLAGS_LOCAL) cargo build
	

devrun:
#  Implicit rule search has not been done.
#  Modification time never checked.
#  File has not been updated.
#  commands to execute (from `common-mk/Makefile', line 17):
	DATABASE_URL=$(DATABASE_URL) RUSTFLAGS=$(RUSTFLAGS_LOCAL) cargo run
	

# Not a target:
.DEFAULT:
#  Implicit rule search has not been done.
#  Modification time never checked.
#  File has not been updated.

run:
#  Implicit rule search has not been done.
#  Modification time never checked.
#  File has not been updated.
#  commands to execute (from `common-mk/Makefile', line 19):
	-mv -vf $(BIN_NAME).new $(BIN_NAME) # If it exists
	./$(BIN_NAME)
	

flame:
#  Implicit rule search has not been done.
#  Modification time never checked.
#  File has not been updated.
#  commands to execute (from `common-mk/Makefile', line 22):
	RUSTFLAGS=$RUSTFLAGS_LOCAL) DATABASE_URL=$(DATABASE_URL) cargo flamegraph $(CARGOFLAGS) --bin $(BIN_NAME)
	

# files hash-table stats:
# Load=13/1024=1%, Rehash=0, Collisions=2/28=7%
# VPATH Search Paths

# No `vpath' search paths.

# No general (`VPATH' variable) search path.

# # of strings in strcache: 2
# # of strcache buffers: 1
# strcache size: total = 4096 / max = 4096 / min = 4096 / avg = 4096
# strcache free: total = 4068 / max = 4068 / min = 4068 / avg = 4068

# Finished Make data base on Tue Jul 12 23:17:23 2022

 
